<?xml version="1.0" encoding="UTF-8"?>
<testsuite name="com.bl.employee_payroll_service_test.EmployeePayrollServiceTest" tests="1" skipped="0" failures="0" errors="0" timestamp="2022-07-14T00:05:12" hostname="LAPTOP-3PCP8SDM" time="0.074">
  <properties/>
  <testcase name="given3Employees_WhenWrittenToFile_ShouldMatchEmployeeEntries()" classname="com.bl.employee_payroll_service_test.EmployeePayrollServiceTest" time="0.074"/>
  <system-out><![CDATA[EmployeePayrollData{id=101, name='Jeff Bezos', salary=1000000.0}
EmployeePayrollData{id=101, name='Bill Gates', salary=2000000.0}
EmployeePayrollData{id=101, name='Mark Zuckerberg', salary=3000000.0}
]]></system-out>
  <system-err><![CDATA[]]></system-err>
</testsuite>
